[06/Jun/2020:10:58:15] (I): WordPress Instance Info:
[06/Jun/2020:10:58:15] (I): Home URL : http://qminator.com/%C3%A5rspr%C3%B8ve
[06/Jun/2020:10:58:15] (I): Site URL : http://qminator.com/%C3%A5rspr%C3%B8ve
[06/Jun/2020:10:58:15] (I): WordPress Version : 5.4.1
[06/Jun/2020:10:58:15] (I): Onboarding Version : 1.0.1
[06/Jun/2020:10:58:15] (I): Multisite : No
[06/Jun/2020:10:58:15] (I): Server Info : Apache
[06/Jun/2020:10:58:15] (I): PHP Version : 7.4.6
[06/Jun/2020:10:58:15] (I): HTTPS : No
[06/Jun/2020:10:58:15] (I): PHP Max Execution Time : 50
[06/Jun/2020:10:58:15] (I): PHP Max Input Vars : 5000
[06/Jun/2020:10:58:15] (I): Max Upload Size : 268435456
[06/Jun/2020:10:58:15] (I): Plugins:
[06/Jun/2020:10:58:15] (I): [PLUGIN] Akismet Anti-Spam : v4.1.6 (Automattic)
[06/Jun/2020:10:58:15] (I): [PLUGIN] Carousel Slider : v1.9.3 (Sayful Islam)
[06/Jun/2020:10:58:15] (I): [PLUGIN] Contact Form 7 : v5.1.9 (Takayuki Miyoshi)
[06/Jun/2020:10:58:15] (I): [PLUGIN] Google Analytics for WordPress by MonsterInsights : v7.10.4 (MonsterInsights)
[06/Jun/2020:10:58:15] (I): [PLUGIN] MetaSlider : v3.16.4 (Team Updraft)
[06/Jun/2020:10:58:15] (I): [PLUGIN] Ultimate Responsive Image Slider - 3.4.7 : v3.4.7 (FARAZFRANK)
[06/Jun/2020:10:58:15] (I): [PLUGIN] Yoast SEO : v14.2 (Team Yoast)
[06/Jun/2020:10:58:15] (I): [PLUGIN] WP Google Maps : v8.0.23 (WP Google Maps)
[06/Jun/2020:10:58:15] (I): [PLUGIN] WP Super Cache : v1.7.1 (Automattic)
